<?xml version="1.0" encoding="UTF-8"?>
<!-- Generated by org.testng.reporters.JUnitReportReporter -->
<testsuite skipped="0" hostname="DESKTOP-BQV2URB" name="crossBrowsers.fileupload" tests="2" failures="0" timestamp="2020-05-21T13:19:09 IST" time="74.198" errors="0">
  <testcase name="verifyfileupload" time="37.440" classname="crossBrowsers.fileupload"/>
  <system-out/>
  <testcase name="verifyfileupload" time="36.758" classname="crossBrowsers.fileupload"/>
  <system-out/>
</testsuite> <!-- crossBrowsers.fileupload -->
