<?xml version="1.0" encoding="UTF-8"?>
<!-- Generated by org.testng.reporters.JUnitReportReporter -->
<testsuite skipped="0" hostname="DESKTOP-BQV2URB" name="crossBrowsers.Testinnovation" tests="5" failures="0" timestamp="2020-05-21T13:07:48 IST" time="169.275" errors="0">
  <testcase name="executetest" time="34.823" classname="crossBrowsers.Testinnovation"/>
  <system-out/>
  <testcase name="executetest" time="33.488" classname="crossBrowsers.Testinnovation"/>
  <system-out/>
  <testcase name="executetest" time="33.654" classname="crossBrowsers.Testinnovation"/>
  <system-out/>
  <testcase name="executetest" time="34.152" classname="crossBrowsers.Testinnovation"/>
  <system-out/>
  <testcase name="executetest" time="33.158" classname="crossBrowsers.Testinnovation"/>
  <system-out/>
</testsuite> <!-- crossBrowsers.Testinnovation -->
