<?xml version="1.0" encoding="UTF-8"?>
<!-- Generated by org.testng.reporters.JUnitReportReporter -->
<testsuite skipped="0" hostname="DESKTOP-BQV2URB" name="crossBrowsers.Testinvocation" tests="1" failures="0" timestamp="2020-06-01T17:31:34 IST" time="34.301" errors="0">
  <testcase name="executetest" time="34.301" classname="crossBrowsers.Testinvocation"/>
  <system-out/>
</testsuite> <!-- crossBrowsers.Testinvocation -->
